disconnect(0)
disconnect(1)
disconnect(2)
disconnect(3)
disconnect(4)
connect(0)
connect(1)
connect(2)
connect(3)
connect(4)
AVG Time 315.348µs [Me: 0 Type: Candidate CommitIndex: -1 Term: 1 Logs [{1 -7 0}] ]
AVG Time 276.489µs [Me: 1 Type: Follower CommitIndex: -1 Term: 0 Logs [{0 -7 0}] ]
AVG Time 262.486µs [Me: 2 Type: Follower CommitIndex: -1 Term: 0 Logs [{0 -7 0}] ]
AVG Time 253.027µs [Me: 3 Type: Follower CommitIndex: -1 Term: 0 Logs [{0 -7 0}] ]
AVG Time 241.485µs [Me: 4 Type: Follower CommitIndex: -1 Term: 0 Logs [{0 -7 0}] ]
Test: basic agreement...
nCommitted ( Index: 1 Count: 0 Cmd -1 )
ONE Cmd 100 Servers 5
RequestVote {1 0 {1 -7 0}} [Me: 4 Type: Follower CommitIndex: -1 Term: 0 Logs [{0 -7 0}] ]
RequestVote New Vote with most updated entry {0 -7 0} [Me: 4 Type: Follower CommitIndex: -1 Term: 0 Logs [{0 -7 0}] ]
RequestVote {1 0 {1 -7 0}} [Me: 3 Type: Follower CommitIndex: -1 Term: 0 Logs [{0 -7 0}] ]
RequestVote New Vote with most updated entry {0 -7 0} [Me: 3 Type: Follower CommitIndex: -1 Term: 0 Logs [{0 -7 0}] ]
RequestVote {1 0 {1 -7 0}} [Me: 2 Type: Follower CommitIndex: -1 Term: 0 Logs [{0 -7 0}] ]
RequestVote New Vote with most updated entry {0 -7 0} [Me: 2 Type: Follower CommitIndex: -1 Term: 0 Logs [{0 -7 0}] ]
RequestVote {1 0 {1 -7 0}} [Me: 1 Type: Follower CommitIndex: -1 Term: 0 Logs [{0 -7 0}] ]
RequestVote New Vote with most updated entry {0 -7 0} [Me: 1 Type: Follower CommitIndex: -1 Term: 0 Logs [{0 -7 0}] ]
RequestVote {1 0 {1 -7 0}} [Me: 0 Type: Candidate CommitIndex: -1 Term: 1 Logs [{1 -7 0}] ]
RequestVote New Vote received and Entry OK {1 -7 0} [Me: 0 Type: Candidate CommitIndex: -1 Term: 1 Logs [{1 -7 0}] ]
Votes 5 [Me: 0 Type: Candidate CommitIndex: -1 Term: 1 Logs [{1 -7 0}] ]
Became Leader <nil> [Me: 0 Type: Candidate CommitIndex: -1 Term: 1 Logs [{1 -7 0}] ]
Schedule map[0:3 1:3 2:3 3:3 4:3] [Me: 0 Type: Leader CommitIndex: -1 Term: 1 Logs [{1 -7 0} {1 100 1}] ]
nCommitted ( Index: 1 Count: 0 Cmd -1 )
nCommitted ( Index: 1 Count: 0 Cmd -1 )
nCommitted ( Index: 1 Count: 0 Cmd -1 )
Call AppendEntries {1 0 {1 -7 0} [100] -1} [Me: 0 Type: Leader CommitIndex: -1 Term: 1 Logs [{1 -7 0} {1 100 1}] ]
Call AppendEntries Complete 2 {1 0 {1 -7 0} [100] -1} [Me: 0 Type: Leader CommitIndex: -1 Term: 1 Logs [{1 -7 0} {1 100 1}] ]
Set Match Index 1 [Me: 0 Type: Leader CommitIndex: -1 Term: 1 Logs [{1 -7 0} {1 100 1}] ]
nCommitted ( Index: 1 Count: 0 Cmd -1 )
nCommitted ( Index: 1 Count: 0 Cmd -1 )
nCommitted ( Index: 1 Count: 0 Cmd -1 )
nCommitted ( Index: 1 Count: 0 Cmd -1 )
nCommitted ( Index: 1 Count: 0 Cmd -1 )
Call AppendEntries {1 0 {1 -7 0} [100] -1} [Me: 1 Type: Follower CommitIndex: -1 Term: 1 Logs [{0 -7 0}] ]
Call AppendEntries Complete 2 {1 0 {1 -7 0} [100] -1} [Me: 1 Type: Follower CommitIndex: -1 Term: 1 Logs [{1 -7 0} {1 100 1}] ]
Set Match Index 1 [Me: 0 Type: Leader CommitIndex: -1 Term: 1 Logs [{1 -7 0} {1 100 1}] ]
nCommitted ( Index: 1 Count: 0 Cmd -1 )
nCommitted ( Index: 1 Count: 0 Cmd -1 )
nCommitted ( Index: 1 Count: 0 Cmd -1 )
nCommitted ( Index: 1 Count: 0 Cmd -1 )
nCommitted ( Index: 1 Count: 0 Cmd -1 )
Call AppendEntries {1 0 {1 -7 0} [100] -1} [Me: 2 Type: Follower CommitIndex: -1 Term: 1 Logs [{0 -7 0}] ]
Call AppendEntries Complete 2 {1 0 {1 -7 0} [100] -1} [Me: 2 Type: Follower CommitIndex: -1 Term: 1 Logs [{1 -7 0} {1 100 1}] ]
Set Match Index 1 [Me: 0 Type: Leader CommitIndex: -1 Term: 1 Logs [{1 -7 0} {1 100 1}] ]
nCommitted ( Index: 1 Count: 0 Cmd -1 )
nCommitted ( Index: 1 Count: 0 Cmd -1 )
nCommitted ( Index: 1 Count: 0 Cmd -1 )
nCommitted ( Index: 1 Count: 0 Cmd -1 )
nCommitted ( Index: 1 Count: 0 Cmd -1 )
Set Commit Index 1 [Me: 0 Type: Leader CommitIndex: 1 Term: 1 Logs [{1 -7 0} {1 100 1}] ]
Call AppendEntries {1 0 {1 -7 0} [100] 1} [Me: 3 Type: Follower CommitIndex: -1 Term: 1 Logs [{0 -7 0}] ]
Call AppendEntries Complete 2 {1 0 {1 -7 0} [100] 1} [Me: 3 Type: Follower CommitIndex: 1 Term: 1 Logs [{1 -7 0} {1 100 1}] ]
Set Match Index 1 [Me: 0 Type: Leader CommitIndex: 1 Term: 1 Logs [{1 -7 0} {1 100 1}] ]
nCommitted ( Index: 1 Count: 0 Cmd -1 )
ApplyCh {0 -7 false []} [Me: 1 Type: Follower CommitIndex: 1 Term: 1 Logs [{1 -7 0} {1 100 1}] ]
ApplyCh {1 100 false []} [Me: 1 Type: Follower CommitIndex: 1 Term: 1 Logs [{1 -7 0} {1 100 1}] ]
ApplyCh {0 -7 false []} [Me: 2 Type: Follower CommitIndex: 1 Term: 1 Logs [{1 -7 0} {1 100 1}] ]
ApplyCh {1 100 false []} [Me: 2 Type: Follower CommitIndex: 1 Term: 1 Logs [{1 -7 0} {1 100 1}] ]
nCommitted ( Index: 1 Count: 2 Cmd 100 )
ApplyCh {0 -7 false []} [Me: 3 Type: Follower CommitIndex: 1 Term: 1 Logs [{1 -7 0} {1 100 1}] ]
ApplyCh {1 100 false []} [Me: 3 Type: Follower CommitIndex: 1 Term: 1 Logs [{1 -7 0} {1 100 1}] ]
ApplyCh {0 -7 false []} [Me: 4 Type: Follower CommitIndex: 0 Term: 1 Logs [{0 -7 0}] ]
nCommitted ( Index: 1 Count: 3 Cmd 100 )
nCommitted ( Index: 1 Count: 3 Cmd 100 )
nCommitted ( Index: 1 Count: 3 Cmd 100 )
Call AppendEntries {1 0 {1 -7 0} [100] 1} [Me: 4 Type: Follower CommitIndex: 0 Term: 1 Logs [{0 -7 0}] ]
Call AppendEntries Complete 2 {1 0 {1 -7 0} [100] 1} [Me: 4 Type: Follower CommitIndex: 1 Term: 1 Logs [{1 -7 0} {1 100 1}] ]
ApplyCh {0 -7 false []} [Me: 0 Type: Leader CommitIndex: 1 Term: 1 Logs [{1 -7 0} {1 100 1}] ]
ApplyCh {1 100 false []} [Me: 0 Type: Leader CommitIndex: 1 Term: 1 Logs [{1 -7 0} {1 100 1}] ]
Set Match Index 1 [Me: 0 Type: Leader CommitIndex: 1 Term: 1 Logs [{1 -7 0} {1 100 1}] ]
nCommitted ( Index: 1 Count: 4 Cmd 100 )
nCommitted ( Index: 1 Count: 4 Cmd 100 )
ApplyCh {1 100 false []} [Me: 4 Type: Follower CommitIndex: 1 Term: 1 Logs [{1 -7 0} {1 100 1}] ]
nCommitted ( Index: 1 Count: 5 Cmd 100 )
nCommitted ( Index: 2 Count: 0 Cmd -1 )
ONE Cmd 200 Servers 5
Schedule map[0:3 1:3 2:3 3:3 4:3] [Me: 0 Type: Leader CommitIndex: 1 Term: 1 Logs [{1 -7 0} {1 100 1} {1 200 2}] ]
nCommitted ( Index: 2 Count: 0 Cmd -1 )
nCommitted ( Index: 2 Count: 0 Cmd -1 )
nCommitted ( Index: 2 Count: 0 Cmd -1 )
Call AppendEntries {1 0 {1 -7 0} [100 200] 1} [Me: 0 Type: Leader CommitIndex: 1 Term: 1 Logs [{1 -7 0} {1 100 1} {1 200 2}] ]
Call AppendEntries Complete 2 {1 0 {1 -7 0} [100 200] 1} [Me: 0 Type: Leader CommitIndex: 1 Term: 1 Logs [{1 -7 0} {1 100 1} {1 200 2}] ]
Set Match Index 2 [Me: 0 Type: Leader CommitIndex: 1 Term: 1 Logs [{1 -7 0} {1 100 1} {1 200 2}] ]
nCommitted ( Index: 2 Count: 0 Cmd -1 )
nCommitted ( Index: 2 Count: 0 Cmd -1 )
nCommitted ( Index: 2 Count: 0 Cmd -1 )
nCommitted ( Index: 2 Count: 0 Cmd -1 )
nCommitted ( Index: 2 Count: 0 Cmd -1 )
Call AppendEntries {1 0 {1 -7 0} [100 200] 1} [Me: 1 Type: Follower CommitIndex: 1 Term: 1 Logs [{1 -7 0} {1 100 1}] ]
Call AppendEntries Complete 2 {1 0 {1 -7 0} [100 200] 1} [Me: 1 Type: Follower CommitIndex: 1 Term: 1 Logs [{1 -7 0} {1 100 1} {1 200 2}] ]
Set Match Index 2 [Me: 0 Type: Leader CommitIndex: 1 Term: 1 Logs [{1 -7 0} {1 100 1} {1 200 2}] ]
nCommitted ( Index: 2 Count: 0 Cmd -1 )
nCommitted ( Index: 2 Count: 0 Cmd -1 )
nCommitted ( Index: 2 Count: 0 Cmd -1 )
nCommitted ( Index: 2 Count: 0 Cmd -1 )
nCommitted ( Index: 2 Count: 0 Cmd -1 )
Call AppendEntries {1 0 {1 -7 0} [100 200] 1} [Me: 2 Type: Follower CommitIndex: 1 Term: 1 Logs [{1 -7 0} {1 100 1}] ]
Call AppendEntries Complete 2 {1 0 {1 -7 0} [100 200] 1} [Me: 2 Type: Follower CommitIndex: 1 Term: 1 Logs [{1 -7 0} {1 100 1} {1 200 2}] ]
Set Match Index 2 [Me: 0 Type: Leader CommitIndex: 1 Term: 1 Logs [{1 -7 0} {1 100 1} {1 200 2}] ]
nCommitted ( Index: 2 Count: 0 Cmd -1 )
nCommitted ( Index: 2 Count: 0 Cmd -1 )
nCommitted ( Index: 2 Count: 0 Cmd -1 )
nCommitted ( Index: 2 Count: 0 Cmd -1 )
nCommitted ( Index: 2 Count: 0 Cmd -1 )
Set Commit Index 2 [Me: 0 Type: Leader CommitIndex: 2 Term: 1 Logs [{1 -7 0} {1 100 1} {1 200 2}] ]
Call AppendEntries {1 0 {1 -7 0} [100 200] 2} [Me: 3 Type: Follower CommitIndex: 1 Term: 1 Logs [{1 -7 0} {1 100 1}] ]
Call AppendEntries Complete 2 {1 0 {1 -7 0} [100 200] 2} [Me: 3 Type: Follower CommitIndex: 2 Term: 1 Logs [{1 -7 0} {1 100 1} {1 200 2}] ]
Set Match Index 2 [Me: 0 Type: Leader CommitIndex: 2 Term: 1 Logs [{1 -7 0} {1 100 1} {1 200 2}] ]
ApplyCh {2 200 false []} [Me: 1 Type: Follower CommitIndex: 2 Term: 1 Logs [{1 -7 0} {1 100 1} {1 200 2}] ]
nCommitted ( Index: 2 Count: 1 Cmd 200 )
ApplyCh {2 200 false []} [Me: 2 Type: Follower CommitIndex: 2 Term: 1 Logs [{1 -7 0} {1 100 1} {1 200 2}] ]
nCommitted ( Index: 2 Count: 2 Cmd 200 )
ApplyCh {2 200 false []} [Me: 3 Type: Follower CommitIndex: 2 Term: 1 Logs [{1 -7 0} {1 100 1} {1 200 2}] ]
nCommitted ( Index: 2 Count: 3 Cmd 200 )
nCommitted ( Index: 2 Count: 3 Cmd 200 )
nCommitted ( Index: 2 Count: 3 Cmd 200 )
ApplyCh {2 200 false []} [Me: 0 Type: Leader CommitIndex: 2 Term: 1 Logs [{1 -7 0} {1 100 1} {1 200 2}] ]
Call AppendEntries {1 0 {1 -7 0} [100 200] 2} [Me: 4 Type: Follower CommitIndex: 1 Term: 1 Logs [{1 -7 0} {1 100 1}] ]
Call AppendEntries Complete 2 {1 0 {1 -7 0} [100 200] 2} [Me: 4 Type: Follower CommitIndex: 2 Term: 1 Logs [{1 -7 0} {1 100 1} {1 200 2}] ]
Set Match Index 2 [Me: 0 Type: Leader CommitIndex: 2 Term: 1 Logs [{1 -7 0} {1 100 1} {1 200 2}] ]
nCommitted ( Index: 2 Count: 4 Cmd 200 )
nCommitted ( Index: 2 Count: 4 Cmd 200 )
ApplyCh {2 200 false []} [Me: 4 Type: Follower CommitIndex: 2 Term: 1 Logs [{1 -7 0} {1 100 1} {1 200 2}] ]
nCommitted ( Index: 2 Count: 5 Cmd 200 )
nCommitted ( Index: 3 Count: 0 Cmd -1 )
ONE Cmd 300 Servers 5
Schedule map[0:3 1:3 2:3 3:3 4:3] [Me: 0 Type: Leader CommitIndex: 2 Term: 1 Logs [{1 -7 0} {1 100 1} {1 200 2} {1 300 3}] ]
nCommitted ( Index: 3 Count: 0 Cmd -1 )
nCommitted ( Index: 3 Count: 0 Cmd -1 )
nCommitted ( Index: 3 Count: 0 Cmd -1 )
Call AppendEntries {1 0 {1 100 1} [200 300] 2} [Me: 0 Type: Leader CommitIndex: 2 Term: 1 Logs [{1 -7 0} {1 100 1} {1 200 2} {1 300 3}] ]
Call AppendEntries Complete 2 {1 0 {1 100 1} [200 300] 2} [Me: 0 Type: Leader CommitIndex: 2 Term: 1 Logs [{1 -7 0} {1 100 1} {1 200 2} {1 300 3}] ]
Set Match Index 3 [Me: 0 Type: Leader CommitIndex: 2 Term: 1 Logs [{1 -7 0} {1 100 1} {1 200 2} {1 300 3}] ]
nCommitted ( Index: 3 Count: 0 Cmd -1 )
nCommitted ( Index: 3 Count: 0 Cmd -1 )
nCommitted ( Index: 3 Count: 0 Cmd -1 )
nCommitted ( Index: 3 Count: 0 Cmd -1 )
nCommitted ( Index: 3 Count: 0 Cmd -1 )
Call AppendEntries {1 0 {1 100 1} [200 300] 2} [Me: 1 Type: Follower CommitIndex: 2 Term: 1 Logs [{1 -7 0} {1 100 1} {1 200 2}] ]
Call AppendEntries Complete 2 {1 0 {1 100 1} [200 300] 2} [Me: 1 Type: Follower CommitIndex: 2 Term: 1 Logs [{1 -7 0} {1 100 1} {1 200 2} {1 300 3}] ]
Set Match Index 3 [Me: 0 Type: Leader CommitIndex: 2 Term: 1 Logs [{1 -7 0} {1 100 1} {1 200 2} {1 300 3}] ]
nCommitted ( Index: 3 Count: 0 Cmd -1 )
nCommitted ( Index: 3 Count: 0 Cmd -1 )
nCommitted ( Index: 3 Count: 0 Cmd -1 )
nCommitted ( Index: 3 Count: 0 Cmd -1 )
nCommitted ( Index: 3 Count: 0 Cmd -1 )
Call AppendEntries {1 0 {1 100 1} [200 300] 2} [Me: 2 Type: Follower CommitIndex: 2 Term: 1 Logs [{1 -7 0} {1 100 1} {1 200 2}] ]
Call AppendEntries Complete 2 {1 0 {1 100 1} [200 300] 2} [Me: 2 Type: Follower CommitIndex: 2 Term: 1 Logs [{1 -7 0} {1 100 1} {1 200 2} {1 300 3}] ]
Set Match Index 3 [Me: 0 Type: Leader CommitIndex: 2 Term: 1 Logs [{1 -7 0} {1 100 1} {1 200 2} {1 300 3}] ]
nCommitted ( Index: 3 Count: 0 Cmd -1 )
nCommitted ( Index: 3 Count: 0 Cmd -1 )
nCommitted ( Index: 3 Count: 0 Cmd -1 )
nCommitted ( Index: 3 Count: 0 Cmd -1 )
nCommitted ( Index: 3 Count: 0 Cmd -1 )
Set Commit Index 3 [Me: 0 Type: Leader CommitIndex: 3 Term: 1 Logs [{1 -7 0} {1 100 1} {1 200 2} {1 300 3}] ]
Call AppendEntries {1 0 {1 100 1} [200 300] 3} [Me: 3 Type: Follower CommitIndex: 2 Term: 1 Logs [{1 -7 0} {1 100 1} {1 200 2}] ]
Call AppendEntries Complete 2 {1 0 {1 100 1} [200 300] 3} [Me: 3 Type: Follower CommitIndex: 3 Term: 1 Logs [{1 -7 0} {1 100 1} {1 200 2} {1 300 3}] ]
Set Match Index 3 [Me: 0 Type: Leader CommitIndex: 3 Term: 1 Logs [{1 -7 0} {1 100 1} {1 200 2} {1 300 3}] ]
ApplyCh {3 300 false []} [Me: 1 Type: Follower CommitIndex: 3 Term: 1 Logs [{1 -7 0} {1 100 1} {1 200 2} {1 300 3}] ]
nCommitted ( Index: 3 Count: 1 Cmd 300 )
ApplyCh {3 300 false []} [Me: 2 Type: Follower CommitIndex: 3 Term: 1 Logs [{1 -7 0} {1 100 1} {1 200 2} {1 300 3}] ]
ApplyCh {3 300 false []} [Me: 3 Type: Follower CommitIndex: 3 Term: 1 Logs [{1 -7 0} {1 100 1} {1 200 2} {1 300 3}] ]
nCommitted ( Index: 3 Count: 2 Cmd 300 )
nCommitted ( Index: 3 Count: 3 Cmd 300 )
nCommitted ( Index: 3 Count: 3 Cmd 300 )
nCommitted ( Index: 3 Count: 3 Cmd 300 )
ApplyCh {3 300 false []} [Me: 0 Type: Leader CommitIndex: 3 Term: 1 Logs [{1 -7 0} {1 100 1} {1 200 2} {1 300 3}] ]
Call AppendEntries {1 0 {1 100 1} [200 300] 3} [Me: 4 Type: Follower CommitIndex: 2 Term: 1 Logs [{1 -7 0} {1 100 1} {1 200 2}] ]
Call AppendEntries Complete 2 {1 0 {1 100 1} [200 300] 3} [Me: 4 Type: Follower CommitIndex: 3 Term: 1 Logs [{1 -7 0} {1 100 1} {1 200 2} {1 300 3}] ]
Set Match Index 3 [Me: 0 Type: Leader CommitIndex: 3 Term: 1 Logs [{1 -7 0} {1 100 1} {1 200 2} {1 300 3}] ]
nCommitted ( Index: 3 Count: 4 Cmd 300 )
nCommitted ( Index: 3 Count: 4 Cmd 300 )
ApplyCh {3 300 false []} [Me: 4 Type: Follower CommitIndex: 3 Term: 1 Logs [{1 -7 0} {1 100 1} {1 200 2} {1 300 3}] ]
nCommitted ( Index: 3 Count: 5 Cmd 300 )
... Passed
Disconnected (Leader) <nil> [Me: 0 Type: Leader CommitIndex: 3 Term: 1 Logs [{1 -7 0} {1 100 1} {1 200 2} {1 300 3}] ]
Kill <nil> [Me: 0 Type: Follower CommitIndex: 3 Term: 1 Logs [{1 -7 0} {1 100 1} {1 200 2} {1 300 3}] ]
Kill <nil> [Me: 1 Type: Follower CommitIndex: 3 Term: 1 Logs [{1 -7 0} {1 100 1} {1 200 2} {1 300 3}] ]
Kill <nil> [Me: 2 Type: Follower CommitIndex: 3 Term: 1 Logs [{1 -7 0} {1 100 1} {1 200 2} {1 300 3}] ]
Kill <nil> [Me: 3 Type: Follower CommitIndex: 3 Term: 1 Logs [{1 -7 0} {1 100 1} {1 200 2} {1 300 3}] ]
Kill <nil> [Me: 4 Type: Follower CommitIndex: 3 Term: 1 Logs [{1 -7 0} {1 100 1} {1 200 2} {1 300 3}] ]
disconnect(0)
disconnect(1)
disconnect(2)
connect(0)
connect(1)
connect(2)
AVG Time 236.379µs [Me: 0 Type: Candidate CommitIndex: -1 Term: 1 Logs [{1 -7 0}] ]
AVG Time 218.05µs [Me: 1 Type: Follower CommitIndex: -1 Term: 0 Logs [{0 -7 0}] ]
AVG Time 213.196µs [Me: 2 Type: Follower CommitIndex: -1 Term: 0 Logs [{0 -7 0}] ]
Test: agreement despite follower failure...
 *****************
 ****** T1 *******
 *****************
ONE Cmd 101 Servers 3
RequestVote {1 0 {1 -7 0}} [Me: 2 Type: Follower CommitIndex: -1 Term: 0 Logs [{0 -7 0}] ]
RequestVote New Vote with most updated entry {0 -7 0} [Me: 2 Type: Follower CommitIndex: -1 Term: 0 Logs [{0 -7 0}] ]
RequestVote {1 0 {1 -7 0}} [Me: 1 Type: Follower CommitIndex: -1 Term: 0 Logs [{0 -7 0}] ]
RequestVote New Vote with most updated entry {0 -7 0} [Me: 1 Type: Follower CommitIndex: -1 Term: 0 Logs [{0 -7 0}] ]
RequestVote {1 0 {1 -7 0}} [Me: 0 Type: Candidate CommitIndex: -1 Term: 1 Logs [{1 -7 0}] ]
RequestVote New Vote received and Entry OK {1 -7 0} [Me: 0 Type: Candidate CommitIndex: -1 Term: 1 Logs [{1 -7 0}] ]
Votes 3 [Me: 0 Type: Candidate CommitIndex: -1 Term: 1 Logs [{1 -7 0}] ]
Became Leader <nil> [Me: 0 Type: Candidate CommitIndex: -1 Term: 1 Logs [{1 -7 0}] ]
Schedule map[0:3 1:3 2:3] [Me: 0 Type: Leader CommitIndex: -1 Term: 1 Logs [{1 -7 0} {1 101 1}] ]
nCommitted ( Index: 1 Count: 0 Cmd -1 )
nCommitted ( Index: 1 Count: 0 Cmd -1 )
nCommitted ( Index: 1 Count: 0 Cmd -1 )
nCommitted ( Index: 1 Count: 0 Cmd -1 )
nCommitted ( Index: 1 Count: 0 Cmd -1 )
Call AppendEntries {1 0 {1 -7 0} [101] -1} [Me: 0 Type: Leader CommitIndex: -1 Term: 1 Logs [{1 -7 0} {1 101 1}] ]
Call AppendEntries Complete 2 {1 0 {1 -7 0} [101] -1} [Me: 0 Type: Leader CommitIndex: -1 Term: 1 Logs [{1 -7 0} {1 101 1}] ]
Set Match Index 1 [Me: 0 Type: Leader CommitIndex: -1 Term: 1 Logs [{1 -7 0} {1 101 1}] ]
nCommitted ( Index: 1 Count: 0 Cmd -1 )
nCommitted ( Index: 1 Count: 0 Cmd -1 )
nCommitted ( Index: 1 Count: 0 Cmd -1 )
nCommitted ( Index: 1 Count: 0 Cmd -1 )
nCommitted ( Index: 1 Count: 0 Cmd -1 )
Call AppendEntries {1 0 {1 -7 0} [101] -1} [Me: 1 Type: Follower CommitIndex: -1 Term: 1 Logs [{0 -7 0}] ]
Call AppendEntries Complete 2 {1 0 {1 -7 0} [101] -1} [Me: 1 Type: Follower CommitIndex: -1 Term: 1 Logs [{1 -7 0} {1 101 1}] ]
Set Match Index 1 [Me: 0 Type: Leader CommitIndex: -1 Term: 1 Logs [{1 -7 0} {1 101 1}] ]
nCommitted ( Index: 1 Count: 0 Cmd -1 )
nCommitted ( Index: 1 Count: 0 Cmd -1 )
nCommitted ( Index: 1 Count: 0 Cmd -1 )
nCommitted ( Index: 1 Count: 0 Cmd -1 )
