jonathan@AnastasiaIsLove ~/Code/Go/TC4003_assignment_Group_4/assignment3 $  time ./test.py --test_type "Test1" 
 *** Start Test Suite Iteration 1 ***
Test: initial election...
... Passed
Test: election after network failure...
... Passed
PASS

Test Results: 1/1 = 1.0

real	0m9.357s
user	0m11.269s
sys	0m0.163s
jonathan@AnastasiaIsLove ~/Code/Go/TC4003_assignment_Group_4/assignment3 $  time ./test.py --test_type "Test21" 
 *** Start Test Suite Iteration 1 ***
Test: basic agreement...
... Passed
Test: agreement despite follower failure...
... Passed
Test: no agreement if too many followers fail...
... Passed
Test: concurrent Start()s...
... Passed
Test: rejoin of partitioned leader...
... Passed
Test: leader backs up quickly over incorrect follower logs...
... Passed
Test: RPC counts aren't too high...
... Passed
PASS

Test Results: 1/1 = 1.0

real	1m0.354s
user	2m11.440s
sys	0m0.744s

